Jun 16 2017 11:45:06
{"type":8192,"message":"Methods with the same name as their class will not be constructors in a future version of PHP; Contact_info has a deprecated constructor","file":"C:\\xampp\\htdocs\\WPTEST\\wp-content\\plugins\\test\\TestPlugin.php","line":108}

Jun 16 2017 11:45:06
{"type":8192,"message":"Methods with the same name as their class will not be constructors in a future version of PHP; Contact_info has a deprecated constructor","file":"C:\\xampp\\htdocs\\WPTEST\\wp-content\\plugins\\test\\TestPlugin.php","line":108}

Jun 16 2017 11:45:07
{"type":8192,"message":"Methods with the same name as their class will not be constructors in a future version of PHP; Contact_info has a deprecated constructor","file":"C:\\xampp\\htdocs\\WPTEST\\wp-content\\plugins\\test\\TestPlugin.php","line":108}

Jun 16 2017 11:45:08
{"type":8192,"message":"Methods with the same name as their class will not be constructors in a future version of PHP; Contact_info has a deprecated constructor","file":"C:\\xampp\\htdocs\\WPTEST\\wp-content\\plugins\\test\\TestPlugin.php","line":108}

Jun 16 2017 11:45:14
{"type":8192,"message":"Methods with the same name as their class will not be constructors in a future version of PHP; Contact_info has a deprecated constructor","file":"C:\\xampp\\htdocs\\WPTEST\\wp-content\\plugins\\test\\TestPlugin.php","line":108}

Jun 16 2017 11:45:15
{"type":8192,"message":"Methods with the same name as their class will not be constructors in a future version of PHP; Contact_info has a deprecated constructor","file":"C:\\xampp\\htdocs\\WPTEST\\wp-content\\plugins\\test\\TestPlugin.php","line":108}

Jun 16 2017 11:45:16
{"type":8192,"message":"Methods with the same name as their class will not be constructors in a future version of PHP; Contact_info has a deprecated constructor","file":"C:\\xampp\\htdocs\\WPTEST\\wp-content\\plugins\\test\\TestPlugin.php","line":108}

Jun 16 2017 11:45:16
{"type":8192,"message":"Methods with the same name as their class will not be constructors in a future version of PHP; Contact_info has a deprecated constructor","file":"C:\\xampp\\htdocs\\WPTEST\\wp-content\\plugins\\test\\TestPlugin.php","line":108}

Jun 16 2017 12:10:42
{"type":8192,"message":"Methods with the same name as their class will not be constructors in a future version of PHP; Contact_info has a deprecated constructor","file":"C:\\xampp\\htdocs\\WPTEST\\wp-content\\plugins\\test\\TestPlugin.php","line":108}

Jun 16 2017 12:10:43
{"type":8192,"message":"Methods with the same name as their class will not be constructors in a future version of PHP; Contact_info has a deprecated constructor","file":"C:\\xampp\\htdocs\\WPTEST\\wp-content\\plugins\\test\\TestPlugin.php","line":108}

Jun 16 2017 12:10:43
{"type":8192,"message":"Methods with the same name as their class will not be constructors in a future version of PHP; Contact_info has a deprecated constructor","file":"C:\\xampp\\htdocs\\WPTEST\\wp-content\\plugins\\test\\TestPlugin.php","line":108}

Jun 16 2017 12:10:43
{"type":8192,"message":"Methods with the same name as their class will not be constructors in a future version of PHP; Contact_info has a deprecated constructor","file":"C:\\xampp\\htdocs\\WPTEST\\wp-content\\plugins\\test\\TestPlugin.php","line":108}

Jun 16 2017 12:10:44
{"type":8192,"message":"Methods with the same name as their class will not be constructors in a future version of PHP; Contact_info has a deprecated constructor","file":"C:\\xampp\\htdocs\\WPTEST\\wp-content\\plugins\\test\\TestPlugin.php","line":108}

Jun 16 2017 12:10:44
{"type":8192,"message":"Methods with the same name as their class will not be constructors in a future version of PHP; Contact_info has a deprecated constructor","file":"C:\\xampp\\htdocs\\WPTEST\\wp-content\\plugins\\test\\TestPlugin.php","line":108}

Jun 16 2017 12:10:45
{"type":8192,"message":"Methods with the same name as their class will not be constructors in a future version of PHP; Contact_info has a deprecated constructor","file":"C:\\xampp\\htdocs\\WPTEST\\wp-content\\plugins\\test\\TestPlugin.php","line":108}

Jun 16 2017 12:10:45
{"type":8192,"message":"Methods with the same name as their class will not be constructors in a future version of PHP; Contact_info has a deprecated constructor","file":"C:\\xampp\\htdocs\\WPTEST\\wp-content\\plugins\\test\\TestPlugin.php","line":108}

Jun 16 2017 12:10:45
{"type":8192,"message":"Methods with the same name as their class will not be constructors in a future version of PHP; Contact_info has a deprecated constructor","file":"C:\\xampp\\htdocs\\WPTEST\\wp-content\\plugins\\test\\TestPlugin.php","line":108}

Jun 16 2017 12:10:46
{"type":8192,"message":"Methods with the same name as their class will not be constructors in a future version of PHP; Contact_info has a deprecated constructor","file":"C:\\xampp\\htdocs\\WPTEST\\wp-content\\plugins\\test\\TestPlugin.php","line":108}

Jun 16 2017 12:10:47
{"type":8192,"message":"Methods with the same name as their class will not be constructors in a future version of PHP; Contact_info has a deprecated constructor","file":"C:\\xampp\\htdocs\\WPTEST\\wp-content\\plugins\\test\\TestPlugin.php","line":108}

Jun 16 2017 12:10:47
{"type":8192,"message":"Methods with the same name as their class will not be constructors in a future version of PHP; Contact_info has a deprecated constructor","file":"C:\\xampp\\htdocs\\WPTEST\\wp-content\\plugins\\test\\TestPlugin.php","line":108}

Jun 16 2017 12:10:49
{"type":8192,"message":"Methods with the same name as their class will not be constructors in a future version of PHP; Contact_info has a deprecated constructor","file":"C:\\xampp\\htdocs\\WPTEST\\wp-content\\plugins\\test\\TestPlugin.php","line":108}

Jun 16 2017 12:10:49
{"type":8192,"message":"Methods with the same name as their class will not be constructors in a future version of PHP; Contact_info has a deprecated constructor","file":"C:\\xampp\\htdocs\\WPTEST\\wp-content\\plugins\\test\\TestPlugin.php","line":108}

Jun 16 2017 12:10:49
{"type":8192,"message":"Methods with the same name as their class will not be constructors in a future version of PHP; Contact_info has a deprecated constructor","file":"C:\\xampp\\htdocs\\WPTEST\\wp-content\\plugins\\test\\TestPlugin.php","line":108}

Jun 16 2017 12:10:50
{"type":8192,"message":"Methods with the same name as their class will not be constructors in a future version of PHP; Contact_info has a deprecated constructor","file":"C:\\xampp\\htdocs\\WPTEST\\wp-content\\plugins\\test\\TestPlugin.php","line":108}

Jun 16 2017 12:10:50
{"type":8192,"message":"Methods with the same name as their class will not be constructors in a future version of PHP; Contact_info has a deprecated constructor","file":"C:\\xampp\\htdocs\\WPTEST\\wp-content\\plugins\\test\\TestPlugin.php","line":108}

Jun 16 2017 12:10:51
{"type":8192,"message":"Methods with the same name as their class will not be constructors in a future version of PHP; Contact_info has a deprecated constructor","file":"C:\\xampp\\htdocs\\WPTEST\\wp-content\\plugins\\test\\TestPlugin.php","line":108}

Jun 16 2017 12:10:51
{"type":8192,"message":"Methods with the same name as their class will not be constructors in a future version of PHP; Contact_info has a deprecated constructor","file":"C:\\xampp\\htdocs\\WPTEST\\wp-content\\plugins\\test\\TestPlugin.php","line":108}

Jun 16 2017 12:10:51
{"type":8192,"message":"Methods with the same name as their class will not be constructors in a future version of PHP; Contact_info has a deprecated constructor","file":"C:\\xampp\\htdocs\\WPTEST\\wp-content\\plugins\\test\\TestPlugin.php","line":108}

Jun 16 2017 12:10:53
{"type":8192,"message":"Methods with the same name as their class will not be constructors in a future version of PHP; Contact_info has a deprecated constructor","file":"C:\\xampp\\htdocs\\WPTEST\\wp-content\\plugins\\test\\TestPlugin.php","line":108}

Jun 16 2017 12:10:55
{"type":8192,"message":"Methods with the same name as their class will not be constructors in a future version of PHP; Contact_info has a deprecated constructor","file":"C:\\xampp\\htdocs\\WPTEST\\wp-content\\plugins\\test\\TestPlugin.php","line":108}

Jun 16 2017 12:10:55
{"type":8192,"message":"Methods with the same name as their class will not be constructors in a future version of PHP; Contact_info has a deprecated constructor","file":"C:\\xampp\\htdocs\\WPTEST\\wp-content\\plugins\\test\\TestPlugin.php","line":108}

Jun 16 2017 12:10:56
{"type":8192,"message":"Methods with the same name as their class will not be constructors in a future version of PHP; Contact_info has a deprecated constructor","file":"C:\\xampp\\htdocs\\WPTEST\\wp-content\\plugins\\test\\TestPlugin.php","line":108}

Jun 16 2017 12:10:56
{"type":8192,"message":"Methods with the same name as their class will not be constructors in a future version of PHP; Contact_info has a deprecated constructor","file":"C:\\xampp\\htdocs\\WPTEST\\wp-content\\plugins\\test\\TestPlugin.php","line":108}

Jun 16 2017 12:10:56
{"type":8192,"message":"Methods with the same name as their class will not be constructors in a future version of PHP; Contact_info has a deprecated constructor","file":"C:\\xampp\\htdocs\\WPTEST\\wp-content\\plugins\\test\\TestPlugin.php","line":108}

Jun 16 2017 12:10:57
{"type":8192,"message":"Methods with the same name as their class will not be constructors in a future version of PHP; Contact_info has a deprecated constructor","file":"C:\\xampp\\htdocs\\WPTEST\\wp-content\\plugins\\test\\TestPlugin.php","line":108}

Jun 16 2017 12:10:59
{"type":8192,"message":"Methods with the same name as their class will not be constructors in a future version of PHP; Contact_info has a deprecated constructor","file":"C:\\xampp\\htdocs\\WPTEST\\wp-content\\plugins\\test\\TestPlugin.php","line":108}

Jun 16 2017 12:11:00
{"type":8192,"message":"Methods with the same name as their class will not be constructors in a future version of PHP; Contact_info has a deprecated constructor","file":"C:\\xampp\\htdocs\\WPTEST\\wp-content\\plugins\\test\\TestPlugin.php","line":108}

Jun 16 2017 12:11:00
{"type":8192,"message":"Methods with the same name as their class will not be constructors in a future version of PHP; Contact_info has a deprecated constructor","file":"C:\\xampp\\htdocs\\WPTEST\\wp-content\\plugins\\test\\TestPlugin.php","line":108}

Jun 16 2017 12:11:01
{"type":8192,"message":"Methods with the same name as their class will not be constructors in a future version of PHP; Contact_info has a deprecated constructor","file":"C:\\xampp\\htdocs\\WPTEST\\wp-content\\plugins\\test\\TestPlugin.php","line":108}

Jun 16 2017 12:11:01
{"type":8192,"message":"Methods with the same name as their class will not be constructors in a future version of PHP; Contact_info has a deprecated constructor","file":"C:\\xampp\\htdocs\\WPTEST\\wp-content\\plugins\\test\\TestPlugin.php","line":108}

Jun 16 2017 12:11:02
{"type":8192,"message":"Methods with the same name as their class will not be constructors in a future version of PHP; Contact_info has a deprecated constructor","file":"C:\\xampp\\htdocs\\WPTEST\\wp-content\\plugins\\test\\TestPlugin.php","line":108}

Jun 16 2017 12:11:02
{"type":8192,"message":"Methods with the same name as their class will not be constructors in a future version of PHP; Contact_info has a deprecated constructor","file":"C:\\xampp\\htdocs\\WPTEST\\wp-content\\plugins\\test\\TestPlugin.php","line":108}

Jun 16 2017 12:11:02
{"type":8192,"message":"Methods with the same name as their class will not be constructors in a future version of PHP; Contact_info has a deprecated constructor","file":"C:\\xampp\\htdocs\\WPTEST\\wp-content\\plugins\\test\\TestPlugin.php","line":108}

Jun 16 2017 12:11:03
{"type":8192,"message":"Methods with the same name as their class will not be constructors in a future version of PHP; Contact_info has a deprecated constructor","file":"C:\\xampp\\htdocs\\WPTEST\\wp-content\\plugins\\test\\TestPlugin.php","line":108}

Jun 16 2017 12:11:03
{"type":8192,"message":"Methods with the same name as their class will not be constructors in a future version of PHP; Contact_info has a deprecated constructor","file":"C:\\xampp\\htdocs\\WPTEST\\wp-content\\plugins\\test\\TestPlugin.php","line":108}

Jun 16 2017 12:11:05
{"type":8192,"message":"Methods with the same name as their class will not be constructors in a future version of PHP; Contact_info has a deprecated constructor","file":"C:\\xampp\\htdocs\\WPTEST\\wp-content\\plugins\\test\\TestPlugin.php","line":108}

Jun 16 2017 12:11:06
{"type":8192,"message":"Methods with the same name as their class will not be constructors in a future version of PHP; Contact_info has a deprecated constructor","file":"C:\\xampp\\htdocs\\WPTEST\\wp-content\\plugins\\test\\TestPlugin.php","line":108}

Jun 16 2017 12:11:06
{"type":8192,"message":"Methods with the same name as their class will not be constructors in a future version of PHP; Contact_info has a deprecated constructor","file":"C:\\xampp\\htdocs\\WPTEST\\wp-content\\plugins\\test\\TestPlugin.php","line":108}

Jun 16 2017 12:11:06
{"type":8192,"message":"Methods with the same name as their class will not be constructors in a future version of PHP; Contact_info has a deprecated constructor","file":"C:\\xampp\\htdocs\\WPTEST\\wp-content\\plugins\\test\\TestPlugin.php","line":108}

Jun 16 2017 12:11:07
{"type":8192,"message":"Methods with the same name as their class will not be constructors in a future version of PHP; Contact_info has a deprecated constructor","file":"C:\\xampp\\htdocs\\WPTEST\\wp-content\\plugins\\test\\TestPlugin.php","line":108}

Jun 16 2017 12:11:07
{"type":8192,"message":"Methods with the same name as their class will not be constructors in a future version of PHP; Contact_info has a deprecated constructor","file":"C:\\xampp\\htdocs\\WPTEST\\wp-content\\plugins\\test\\TestPlugin.php","line":108}

Jun 16 2017 12:11:07
{"type":8192,"message":"Methods with the same name as their class will not be constructors in a future version of PHP; Contact_info has a deprecated constructor","file":"C:\\xampp\\htdocs\\WPTEST\\wp-content\\plugins\\test\\TestPlugin.php","line":108}

Jun 16 2017 12:11:08
{"type":8192,"message":"Methods with the same name as their class will not be constructors in a future version of PHP; Contact_info has a deprecated constructor","file":"C:\\xampp\\htdocs\\WPTEST\\wp-content\\plugins\\test\\TestPlugin.php","line":108}

Jun 16 2017 12:11:08
{"type":8192,"message":"Methods with the same name as their class will not be constructors in a future version of PHP; Contact_info has a deprecated constructor","file":"C:\\xampp\\htdocs\\WPTEST\\wp-content\\plugins\\test\\TestPlugin.php","line":108}

Jun 16 2017 12:11:08
{"type":8192,"message":"Methods with the same name as their class will not be constructors in a future version of PHP; Contact_info has a deprecated constructor","file":"C:\\xampp\\htdocs\\WPTEST\\wp-content\\plugins\\test\\TestPlugin.php","line":108}

Jun 16 2017 12:11:09
{"type":8192,"message":"Methods with the same name as their class will not be constructors in a future version of PHP; Contact_info has a deprecated constructor","file":"C:\\xampp\\htdocs\\WPTEST\\wp-content\\plugins\\test\\TestPlugin.php","line":108}

Jun 16 2017 12:11:09
{"type":8192,"message":"Methods with the same name as their class will not be constructors in a future version of PHP; Contact_info has a deprecated constructor","file":"C:\\xampp\\htdocs\\WPTEST\\wp-content\\plugins\\test\\TestPlugin.php","line":108}

Jun 16 2017 12:11:09
{"type":8192,"message":"Methods with the same name as their class will not be constructors in a future version of PHP; Contact_info has a deprecated constructor","file":"C:\\xampp\\htdocs\\WPTEST\\wp-content\\plugins\\test\\TestPlugin.php","line":108}

Jun 16 2017 12:11:10
{"type":8192,"message":"Methods with the same name as their class will not be constructors in a future version of PHP; Contact_info has a deprecated constructor","file":"C:\\xampp\\htdocs\\WPTEST\\wp-content\\plugins\\test\\TestPlugin.php","line":108}

Jun 16 2017 12:11:10
{"type":8192,"message":"Methods with the same name as their class will not be constructors in a future version of PHP; Contact_info has a deprecated constructor","file":"C:\\xampp\\htdocs\\WPTEST\\wp-content\\plugins\\test\\TestPlugin.php","line":108}

Jun 16 2017 12:11:11
{"type":8192,"message":"Methods with the same name as their class will not be constructors in a future version of PHP; Contact_info has a deprecated constructor","file":"C:\\xampp\\htdocs\\WPTEST\\wp-content\\plugins\\test\\TestPlugin.php","line":108}

Jun 16 2017 12:11:18
{"type":8192,"message":"Methods with the same name as their class will not be constructors in a future version of PHP; Contact_info has a deprecated constructor","file":"C:\\xampp\\htdocs\\WPTEST\\wp-content\\plugins\\test\\TestPlugin.php","line":108}

Jun 16 2017 12:11:19
{"type":8192,"message":"Methods with the same name as their class will not be constructors in a future version of PHP; Contact_info has a deprecated constructor","file":"C:\\xampp\\htdocs\\WPTEST\\wp-content\\plugins\\test\\TestPlugin.php","line":108}

Jun 16 2017 12:11:29
{"type":8192,"message":"Methods with the same name as their class will not be constructors in a future version of PHP; Contact_info has a deprecated constructor","file":"C:\\xampp\\htdocs\\WPTEST\\wp-content\\plugins\\test\\TestPlugin.php","line":108}

Jun 16 2017 12:11:40
{"type":8192,"message":"Methods with the same name as their class will not be constructors in a future version of PHP; Contact_info has a deprecated constructor","file":"C:\\xampp\\htdocs\\WPTEST\\wp-content\\plugins\\test\\TestPlugin.php","line":108}

Jun 16 2017 12:11:50
{"type":8192,"message":"Methods with the same name as their class will not be constructors in a future version of PHP; Contact_info has a deprecated constructor","file":"C:\\xampp\\htdocs\\WPTEST\\wp-content\\plugins\\test\\TestPlugin.php","line":108}

Jun 16 2017 12:12:01
{"type":8192,"message":"Methods with the same name as their class will not be constructors in a future version of PHP; Contact_info has a deprecated constructor","file":"C:\\xampp\\htdocs\\WPTEST\\wp-content\\plugins\\test\\TestPlugin.php","line":108}

Jun 16 2017 12:12:11
{"type":8192,"message":"Methods with the same name as their class will not be constructors in a future version of PHP; Contact_info has a deprecated constructor","file":"C:\\xampp\\htdocs\\WPTEST\\wp-content\\plugins\\test\\TestPlugin.php","line":108}

Jun 16 2017 12:12:22
{"type":8192,"message":"Methods with the same name as their class will not be constructors in a future version of PHP; Contact_info has a deprecated constructor","file":"C:\\xampp\\htdocs\\WPTEST\\wp-content\\plugins\\test\\TestPlugin.php","line":108}

Jun 16 2017 12:12:33
{"type":8192,"message":"Methods with the same name as their class will not be constructors in a future version of PHP; Contact_info has a deprecated constructor","file":"C:\\xampp\\htdocs\\WPTEST\\wp-content\\plugins\\test\\TestPlugin.php","line":108}

Jun 16 2017 12:12:43
{"type":8192,"message":"Methods with the same name as their class will not be constructors in a future version of PHP; Contact_info has a deprecated constructor","file":"C:\\xampp\\htdocs\\WPTEST\\wp-content\\plugins\\test\\TestPlugin.php","line":108}

Jun 16 2017 12:12:53
{"type":8192,"message":"Methods with the same name as their class will not be constructors in a future version of PHP; Contact_info has a deprecated constructor","file":"C:\\xampp\\htdocs\\WPTEST\\wp-content\\plugins\\test\\TestPlugin.php","line":108}

Jun 16 2017 12:13:04
{"type":8192,"message":"Methods with the same name as their class will not be constructors in a future version of PHP; Contact_info has a deprecated constructor","file":"C:\\xampp\\htdocs\\WPTEST\\wp-content\\plugins\\test\\TestPlugin.php","line":108}

Jun 16 2017 12:13:05
{"type":8192,"message":"Methods with the same name as their class will not be constructors in a future version of PHP; Contact_info has a deprecated constructor","file":"C:\\xampp\\htdocs\\WPTEST\\wp-content\\plugins\\test\\TestPlugin.php","line":108}

Jun 16 2017 12:13:07
{"type":8192,"message":"Methods with the same name as their class will not be constructors in a future version of PHP; Contact_info has a deprecated constructor","file":"C:\\xampp\\htdocs\\WPTEST\\wp-content\\plugins\\test\\TestPlugin.php","line":108}

Jun 16 2017 12:13:18
{"Number":8,"Message":"Undefined index: HTTPS","File":"C:\\xampp\\htdocs\\WPTEST\\wp-content\\mu-plugins\\wpengine-common\\plugin.php","Line":998}

Jun 16 2017 12:13:18
{"Number":2,"Message":"Invalid argument supplied for foreach()","File":"C:\\xampp\\htdocs\\WPTEST\\wp-content\\mu-plugins\\wpengine-common\\plugin.php","Line":1025}

Jun 16 2017 12:13:18
{"type":8,"message":"Use of undefined constant PWP_NAME - assumed 'PWP_NAME'","file":"C:\\xampp\\htdocs\\WPTEST\\wp-content\\mu-plugins\\wpengine-common\\class.deployment.php","line":17}

Jun 16 2017 12:13:20
{"Number":8,"Message":"unserialize(): Error at offset 19311 of 92782 bytes","File":"C:\\xampp\\htdocs\\WPTEST\\wp-content\\plugins\\all-in-one-wp-migration\\lib\\vendor\\servmask\\database\\class-ai1wm-database-utility.php","Line":60}

Jun 16 2017 12:13:20
{"Number":8,"Message":"unserialize(): Error at offset 127554 of 146882 bytes","File":"C:\\xampp\\htdocs\\WPTEST\\wp-content\\plugins\\all-in-one-wp-migration\\lib\\vendor\\servmask\\database\\class-ai1wm-database-utility.php","Line":60}

Jun 16 2017 12:13:30
{"Number":8,"Message":"Undefined index: HTTPS","File":"C:\\xampp\\htdocs\\WPTEST\\wp-content\\mu-plugins\\wpengine-common\\plugin.php","Line":998}

Jun 16 2017 12:13:30
{"Number":2,"Message":"Invalid argument supplied for foreach()","File":"C:\\xampp\\htdocs\\WPTEST\\wp-content\\mu-plugins\\wpengine-common\\plugin.php","Line":1025}

Jun 16 2017 12:13:30
{"type":8,"message":"Use of undefined constant PWP_NAME - assumed 'PWP_NAME'","file":"C:\\xampp\\htdocs\\WPTEST\\wp-content\\mu-plugins\\wpengine-common\\class.deployment.php","line":17}

Jun 16 2017 12:13:42
{"Number":8,"Message":"Undefined index: HTTPS","File":"C:\\xampp\\htdocs\\WPTEST\\wp-content\\mu-plugins\\wpengine-common\\plugin.php","Line":998}

Jun 16 2017 12:13:42
{"Number":2,"Message":"Invalid argument supplied for foreach()","File":"C:\\xampp\\htdocs\\WPTEST\\wp-content\\mu-plugins\\wpengine-common\\plugin.php","Line":1025}

Jun 16 2017 12:13:42
{"type":8,"message":"Use of undefined constant PWP_NAME - assumed 'PWP_NAME'","file":"C:\\xampp\\htdocs\\WPTEST\\wp-content\\mu-plugins\\wpengine-common\\class.deployment.php","line":17}

Jun 16 2017 12:13:47
{"Number":8,"Message":"Undefined index: HTTPS","File":"C:\\xampp\\htdocs\\WPTEST\\wp-content\\mu-plugins\\wpengine-common\\plugin.php","Line":998}

Jun 16 2017 12:13:47
{"Number":2,"Message":"Invalid argument supplied for foreach()","File":"C:\\xampp\\htdocs\\WPTEST\\wp-content\\mu-plugins\\wpengine-common\\plugin.php","Line":1025}

Jun 16 2017 12:13:47
{"type":8,"message":"Use of undefined constant PWP_NAME - assumed 'PWP_NAME'","file":"C:\\xampp\\htdocs\\WPTEST\\wp-content\\mu-plugins\\wpengine-common\\class.deployment.php","line":17}

Jun 16 2017 12:13:48
{"Number":8,"Message":"Undefined index: HTTPS","File":"C:\\xampp\\htdocs\\WPTEST\\wp-content\\mu-plugins\\wpengine-common\\plugin.php","Line":998}

Jun 16 2017 12:13:48
{"Number":2,"Message":"Invalid argument supplied for foreach()","File":"C:\\xampp\\htdocs\\WPTEST\\wp-content\\mu-plugins\\wpengine-common\\plugin.php","Line":1025}

Jun 16 2017 12:13:48
{"type":8,"message":"Use of undefined constant PWP_NAME - assumed 'PWP_NAME'","file":"C:\\xampp\\htdocs\\WPTEST\\wp-content\\mu-plugins\\wpengine-common\\class.deployment.php","line":17}

Jun 16 2017 12:13:52
{"type":8,"message":"Undefined index: HTTPS","file":"C:\\xampp\\htdocs\\WPTEST\\wp-content\\plugins\\wprocket291\\inc\\3rd-party\\hosting\\wpengine.php","line":102}

